<?xml version="1.0" encoding="UTF-8"?>
<testng-results skipped="0" failed="0" total="1" passed="1">
  <reporter-output>
  </reporter-output>
  <suite name="Default suite" duration-ms="42140" started-at="2016-05-18T07:20:56Z" finished-at="2016-05-18T07:21:38Z">
    <groups>
    </groups>
    <test name="Default test" duration-ms="42140" started-at="2016-05-18T07:20:56Z" finished-at="2016-05-18T07:21:38Z">
      <class name="testScripts.AllControls">
        <test-method status="PASS" signature="test1()[pri:0, instance:testScripts.AllControls@1a489ad]" name="test1" duration-ms="42128" started-at="2016-05-18T12:50:56Z" finished-at="2016-05-18T12:51:38Z">
          <reporter-output>
          </reporter-output>
        </test-method> <!-- test1 -->
      </class> <!-- testScripts.AllControls -->
    </test> <!-- Default test -->
  </suite> <!-- Default suite -->
</testng-results>
